<?xml version="1.0" encoding="UTF-8"?>
<testng-results skipped="0" failed="0" total="1" passed="1">
  <reporter-output>
  </reporter-output>
  <suite name="Default suite" duration-ms="1165" started-at="2018-11-21T18:17:27Z" finished-at="2018-11-21T18:17:29Z">
    <groups>
    </groups>
    <test name="Default test" duration-ms="1165" started-at="2018-11-21T18:17:27Z" finished-at="2018-11-21T18:17:29Z">
      <class name="team.boolbee.poc.hibernate.xml.inheritance.onetableperconcreteclass.model.OneTablePerConcreteClassXmlTest">
        <test-method status="PASS" signature="testOneTablePerConcreteClassXml()[pri:0, instance:team.boolbee.poc.hibernate.xml.inheritance.onetableperconcreteclass.model.OneTablePerConcreteClassXmlTest@50c87b21]" name="testOneTablePerConcreteClassXml" duration-ms="1150" started-at="2018-11-21T19:17:27Z" finished-at="2018-11-21T19:17:29Z">
          <reporter-output>
          </reporter-output>
        </test-method> <!-- testOneTablePerConcreteClassXml -->
      </class> <!-- team.boolbee.poc.hibernate.xml.inheritance.onetableperconcreteclass.model.OneTablePerConcreteClassXmlTest -->
    </test> <!-- Default test -->
  </suite> <!-- Default suite -->
</testng-results>
