<?xml version="1.0" encoding="UTF-8"?>
<testng-results skipped="0" failed="0" total="1" passed="1">
  <reporter-output>
  </reporter-output>
  <suite name="Default suite" duration-ms="835" started-at="2018-11-06T16:37:24Z" finished-at="2018-11-06T16:37:25Z">
    <groups>
    </groups>
    <test name="Default test" duration-ms="835" started-at="2018-11-06T16:37:24Z" finished-at="2018-11-06T16:37:25Z">
      <class name="team.boolbee.poc.hibernate.utils.SessionBuilderTest">
        <test-method status="PASS" signature="testSessionBuilder()[pri:0, instance:team.boolbee.poc.hibernate.utils.SessionBuilderTest@548b7f67]" name="testSessionBuilder" duration-ms="835" started-at="2018-11-06T17:37:24Z" finished-at="2018-11-06T17:37:25Z">
          <reporter-output>
          </reporter-output>
        </test-method> <!-- testSessionBuilder -->
      </class> <!-- team.boolbee.poc.hibernate.utils.SessionBuilderTest -->
    </test> <!-- Default test -->
  </suite> <!-- Default suite -->
</testng-results>
