<?xml version="1.0" encoding="UTF-8"?>
<testng-results skipped="0" failed="0" total="1" passed="1">
  <reporter-output>
  </reporter-output>
  <suite name="Default suite" duration-ms="1367" started-at="2018-05-07T13:46:09Z" finished-at="2018-05-07T13:46:10Z">
    <groups>
    </groups>
    <test name="Default test" duration-ms="1367" started-at="2018-05-07T13:46:09Z" finished-at="2018-05-07T13:46:10Z">
      <class name="team.boolbee.poc.hibernate.utils.SessionBuilderTest">
        <test-method status="PASS" signature="testSessionBuilder()[pri:0, instance:team.boolbee.poc.hibernate.utils.SessionBuilderTest@548b7f67]" name="testSessionBuilder" duration-ms="1356" started-at="2018-05-07T15:46:09Z" finished-at="2018-05-07T15:46:10Z">
          <reporter-output>
          </reporter-output>
        </test-method> <!-- testSessionBuilder -->
      </class> <!-- team.boolbee.poc.hibernate.utils.SessionBuilderTest -->
    </test> <!-- Default test -->
  </suite> <!-- Default suite -->
</testng-results>
