<?xml version="1.0" encoding="UTF-8"?>
<testng-results skipped="0" failed="0" total="5" passed="5">
  <reporter-output>
  </reporter-output>
  <suite name="Default suite" duration-ms="12215" started-at="2018-11-20T18:34:21Z" finished-at="2018-11-20T18:34:33Z">
    <groups>
    </groups>
    <test name="Default test" duration-ms="12215" started-at="2018-11-20T18:34:21Z" finished-at="2018-11-20T18:34:33Z">
      <class name="team.boolbee.hibernate.xml.manytomany.unidir.model.BidirectionalManyToManyAsociationMappedByXmlTest">
        <test-method status="PASS" signature="populateBankData()[pri:0, instance:team.boolbee.hibernate.xml.manytomany.unidir.model.BidirectionalManyToManyAsociationMappedByXmlTest@1d119efb]" name="populateBankData" duration-ms="2131" started-at="2018-11-20T19:34:21Z" finished-at="2018-11-20T19:34:23Z">
          <reporter-output>
          </reporter-output>
        </test-method> <!-- populateBankData -->
        <test-method status="PASS" signature="addAccountToExistingCustomer()[pri:0, instance:team.boolbee.hibernate.xml.manytomany.unidir.model.BidirectionalManyToManyAsociationMappedByXmlTest@1d119efb]" name="addAccountToExistingCustomer" duration-ms="47" started-at="2018-11-20T19:34:23Z" depends-on-methods="team.boolbee.hibernate.xml.manytomany.unidir.model.BidirectionalManyToManyAsociationMappedByXmlTest.populateBankData" finished-at="2018-11-20T19:34:23Z">
          <reporter-output>
          </reporter-output>
        </test-method> <!-- addAccountToExistingCustomer -->
        <test-method status="PASS" signature="addCustomerToExistingBankAccount()[pri:0, instance:team.boolbee.hibernate.xml.manytomany.unidir.model.BidirectionalManyToManyAsociationMappedByXmlTest@1d119efb]" name="addCustomerToExistingBankAccount" duration-ms="47" started-at="2018-11-20T19:34:23Z" depends-on-methods="team.boolbee.hibernate.xml.manytomany.unidir.model.BidirectionalManyToManyAsociationMappedByXmlTest.populateBankData" finished-at="2018-11-20T19:34:23Z">
          <reporter-output>
          </reporter-output>
        </test-method> <!-- addCustomerToExistingBankAccount -->
        <test-method status="PASS" signature="deleteCustomer()[pri:0, instance:team.boolbee.hibernate.xml.manytomany.unidir.model.BidirectionalManyToManyAsociationMappedByXmlTest@1d119efb]" name="deleteCustomer" duration-ms="31" started-at="2018-11-20T19:34:23Z" depends-on-methods="team.boolbee.hibernate.xml.manytomany.unidir.model.BidirectionalManyToManyAsociationMappedByXmlTest.populateBankData" finished-at="2018-11-20T19:34:23Z">
          <reporter-output>
          </reporter-output>
        </test-method> <!-- deleteCustomer -->
        <test-method status="PASS" signature="deleteCustomerWithSharedBankAccount()[pri:0, instance:team.boolbee.hibernate.xml.manytomany.unidir.model.BidirectionalManyToManyAsociationMappedByXmlTest@1d119efb]" name="deleteCustomerWithSharedBankAccount" duration-ms="9944" started-at="2018-11-20T19:34:23Z" depends-on-methods="team.boolbee.hibernate.xml.manytomany.unidir.model.BidirectionalManyToManyAsociationMappedByXmlTest.addCustomerToExistingBankAccount" finished-at="2018-11-20T19:34:33Z">
          <reporter-output>
          </reporter-output>
        </test-method> <!-- deleteCustomerWithSharedBankAccount -->
      </class> <!-- team.boolbee.hibernate.xml.manytomany.unidir.model.BidirectionalManyToManyAsociationMappedByXmlTest -->
    </test> <!-- Default test -->
  </suite> <!-- Default suite -->
</testng-results>
