<?xml version="1.0" encoding="UTF-8"?>
<testng-results skipped="0" failed="0" total="5" passed="5">
  <reporter-output>
  </reporter-output>
  <suite name="Default suite" duration-ms="281" started-at="2018-11-22T16:49:18Z" finished-at="2018-11-22T16:49:18Z">
    <groups>
    </groups>
    <test name="Default test" duration-ms="281" started-at="2018-11-22T16:49:18Z" finished-at="2018-11-22T16:49:18Z">
      <class name="team.boolbee.poc.hibernate.interceptors.model.OverridingDefaultConstructorTest">
        <test-method status="PASS" signature="saveMissingDefaultConstructorObject()[pri:0, instance:team.boolbee.poc.hibernate.interceptors.model.OverridingDefaultConstructorTest@3ffc5af1]" name="saveMissingDefaultConstructorObject" duration-ms="125" started-at="2018-11-22T17:49:18Z" finished-at="2018-11-22T17:49:18Z">
          <reporter-output>
          </reporter-output>
        </test-method> <!-- saveMissingDefaultConstructorObject -->
        <test-method status="PASS" signature="readMissingDefaultConstructorObject()[pri:0, instance:team.boolbee.poc.hibernate.interceptors.model.OverridingDefaultConstructorTest@3ffc5af1]" name="readMissingDefaultConstructorObject" duration-ms="0" started-at="2018-11-22T17:49:18Z" depends-on-methods="team.boolbee.poc.hibernate.interceptors.model.OverridingDefaultConstructorTest.saveMissingDefaultConstructorObject" finished-at="2018-11-22T17:49:18Z">
          <reporter-output>
          </reporter-output>
        </test-method> <!-- readMissingDefaultConstructorObject -->
      </class> <!-- team.boolbee.poc.hibernate.interceptors.model.OverridingDefaultConstructorTest -->
      <class name="team.boolbee.poc.hibernate.interceptors.model.MissingDefaultConstructorTest">
        <test-method status="PASS" signature="setup()[pri:0, instance:team.boolbee.poc.hibernate.interceptors.model.MissingDefaultConstructorTest@1d057a39]" name="setup" is-config="true" duration-ms="805" started-at="2018-11-22T17:49:17Z" finished-at="2018-11-22T17:49:18Z">
          <reporter-output>
          </reporter-output>
        </test-method> <!-- setup -->
        <test-method status="PASS" signature="setup()[pri:0, instance:team.boolbee.poc.hibernate.interceptors.model.OverridingDefaultConstructorTest@3ffc5af1]" name="setup" is-config="true" duration-ms="47" started-at="2018-11-22T17:49:18Z" finished-at="2018-11-22T17:49:18Z">
          <reporter-output>
          </reporter-output>
        </test-method> <!-- setup -->
        <test-method status="PASS" signature="testMissingDefaultConstructorObjectFailure()[pri:0, instance:team.boolbee.poc.hibernate.interceptors.model.MissingDefaultConstructorTest@1d057a39]" name="testMissingDefaultConstructorObjectFailure" duration-ms="0" started-at="2018-11-22T17:49:18Z" depends-on-methods="team.boolbee.poc.hibernate.interceptors.model.MissingDefaultConstructorTest.saveMissingDefaultConstructorObject" finished-at="2018-11-22T17:49:18Z">
          <exception class="org.hibernate.InstantiationException">
            <message>
              <![CDATA[No default constructor for entity: team.boolbee.poc.hibernate.interceptors.model.MissingDefaultConstructorObject]]>
            </message>
            <full-stacktrace>
              <![CDATA[org.hibernate.InstantiationException: No default constructor for entity: team.boolbee.poc.hibernate.interceptors.model.MissingDefaultConstructorObject
	at org.hibernate.tuple.PojoInstantiator.instantiate(PojoInstantiator.java:120)
	at org.hibernate.tuple.PojoInstantiator.instantiate(PojoInstantiator.java:136)
	at org.hibernate.tuple.entity.AbstractEntityTuplizer.instantiate(AbstractEntityTuplizer.java:730)
	at org.hibernate.persister.entity.AbstractEntityPersister.instantiate(AbstractEntityPersister.java:4565)
	at org.hibernate.internal.SessionImpl.instantiate(SessionImpl.java:1313)
	at org.hibernate.internal.SessionImpl.instantiate(SessionImpl.java:1302)
	at org.hibernate.loader.Loader.instanceNotYetLoaded(Loader.java:1618)
	at org.hibernate.loader.Loader.getRow(Loader.java:1509)
	at org.hibernate.loader.Loader.getRowFromResultSet(Loader.java:719)
	at org.hibernate.loader.Loader.processResultSet(Loader.java:949)
	at org.hibernate.loader.Loader.doQuery(Loader.java:917)
	at org.hibernate.loader.Loader.doQueryAndInitializeNonLazyCollections(Loader.java:348)
	at org.hibernate.loader.Loader.doQueryAndInitializeNonLazyCollections(Loader.java:318)
	at org.hibernate.loader.Loader.loadEntity(Loader.java:2145)
	at org.hibernate.loader.entity.AbstractEntityLoader.load(AbstractEntityLoader.java:82)
	at org.hibernate.loader.entity.AbstractEntityLoader.load(AbstractEntityLoader.java:72)
	at org.hibernate.persister.entity.AbstractEntityPersister.load(AbstractEntityPersister.java:3939)
	at org.hibernate.event.internal.DefaultLoadEventListener.loadFromDatasource(DefaultLoadEventListener.java:461)
	at org.hibernate.event.internal.DefaultLoadEventListener.doLoad(DefaultLoadEventListener.java:430)
	at org.hibernate.event.internal.DefaultLoadEventListener.load(DefaultLoadEventListener.java:207)
	at org.hibernate.event.internal.DefaultLoadEventListener.proxyOrLoad(DefaultLoadEventListener.java:263)
	at org.hibernate.event.internal.DefaultLoadEventListener.onLoad(DefaultLoadEventListener.java:151)
	at org.hibernate.internal.SessionImpl.fireLoad(SessionImpl.java:1017)
	at org.hibernate.internal.SessionImpl.access$2000(SessionImpl.java:173)
	at org.hibernate.internal.SessionImpl$IdentifierLoadAccessImpl.load(SessionImpl.java:2413)
	at org.hibernate.internal.SessionImpl.get(SessionImpl.java:913)
	at team.boolbee.poc.hibernate.interceptors.model.MissingDefaultConstructorTest.testMissingDefaultConstructorObjectFailure(MissingDefaultConstructorTest.java:42)
	at sun.reflect.NativeMethodAccessorImpl.invoke0(Native Method)
	at sun.reflect.NativeMethodAccessorImpl.invoke(Unknown Source)
	at sun.reflect.DelegatingMethodAccessorImpl.invoke(Unknown Source)
	at java.lang.reflect.Method.invoke(Unknown Source)
	at org.testng.internal.MethodInvocationHelper.invokeMethod(MethodInvocationHelper.java:84)
	at org.testng.internal.Invoker.invokeMethod(Invoker.java:714)
	at org.testng.internal.Invoker.invokeTestMethod(Invoker.java:901)
	at org.testng.internal.Invoker.invokeTestMethods(Invoker.java:1231)
	at org.testng.internal.TestMethodWorker.invokeTestMethods(TestMethodWorker.java:127)
	at org.testng.internal.TestMethodWorker.run(TestMethodWorker.java:111)
	at org.testng.TestRunner.privateRun(TestRunner.java:767)
	at org.testng.TestRunner.run(TestRunner.java:617)
	at org.testng.SuiteRunner.runTest(SuiteRunner.java:334)
	at org.testng.SuiteRunner.runSequentially(SuiteRunner.java:329)
	at org.testng.SuiteRunner.privateRun(SuiteRunner.java:291)
	at org.testng.SuiteRunner.run(SuiteRunner.java:240)
	at org.testng.SuiteRunnerWorker.runSuite(SuiteRunnerWorker.java:52)
	at org.testng.SuiteRunnerWorker.run(SuiteRunnerWorker.java:86)
	at org.testng.TestNG.runSuitesSequentially(TestNG.java:1224)
	at org.testng.TestNG.runSuitesLocally(TestNG.java:1149)
	at org.testng.TestNG.run(TestNG.java:1057)
	at org.testng.remote.AbstractRemoteTestNG.run(AbstractRemoteTestNG.java:114)
	at org.testng.remote.RemoteTestNG.initAndRun(RemoteTestNG.java:251)
	at org.testng.remote.RemoteTestNG.main(RemoteTestNG.java:77)
]]>
            </full-stacktrace>
          </exception> <!-- org.hibernate.InstantiationException -->
          <reporter-output>
          </reporter-output>
        </test-method> <!-- testMissingDefaultConstructorObjectFailure -->
        <test-method status="PASS" signature="saveMissingDefaultConstructorObject()[pri:0, instance:team.boolbee.poc.hibernate.interceptors.model.MissingDefaultConstructorTest@1d057a39]" name="saveMissingDefaultConstructorObject" duration-ms="0" started-at="2018-11-22T17:49:18Z" finished-at="2018-11-22T17:49:18Z">
          <reporter-output>
          </reporter-output>
        </test-method> <!-- saveMissingDefaultConstructorObject -->
      </class> <!-- team.boolbee.poc.hibernate.interceptors.model.MissingDefaultConstructorTest -->
      <class name="team.boolbee.poc.hibernate.interceptors.model.AuditInterceptorTest">
        <test-method status="PASS" signature="testInterceptors()[pri:0, instance:team.boolbee.poc.hibernate.interceptors.model.AuditInterceptorTest@29774679]" name="testInterceptors" duration-ms="141" started-at="2018-11-22T17:49:18Z" finished-at="2018-11-22T17:49:18Z">
          <reporter-output>
          </reporter-output>
        </test-method> <!-- testInterceptors -->
      </class> <!-- team.boolbee.poc.hibernate.interceptors.model.AuditInterceptorTest -->
    </test> <!-- Default test -->
  </suite> <!-- Default suite -->
</testng-results>
