<?xml version="1.0" encoding="UTF-8"?>
<testng-results skipped="0" failed="0" total="1" passed="1">
  <reporter-output>
  </reporter-output>
  <suite name="Default suite" duration-ms="1407" started-at="2018-11-16T13:38:52Z" finished-at="2018-11-16T13:38:54Z">
    <groups>
    </groups>
    <test name="Default test" duration-ms="1407" started-at="2018-11-16T13:38:52Z" finished-at="2018-11-16T13:38:54Z">
      <class name="team.boolbee.hibernate.xml.onetomany.unidir.model.OneToManyBidirXmlTest">
        <test-method status="PASS" signature="testOneToOneMappedByXml()[pri:0, instance:team.boolbee.hibernate.xml.onetomany.unidir.model.OneToManyBidirXmlTest@7ac7a4e4]" name="testOneToOneMappedByXml" duration-ms="1394" started-at="2018-11-16T14:38:52Z" finished-at="2018-11-16T14:38:54Z">
          <reporter-output>
          </reporter-output>
        </test-method> <!-- testOneToOneMappedByXml -->
      </class> <!-- team.boolbee.hibernate.xml.onetomany.unidir.model.OneToManyBidirXmlTest -->
    </test> <!-- Default test -->
  </suite> <!-- Default suite -->
</testng-results>
